{"C:\\Users\\WorkPC\\Desktop\\CodeWithMosh\\4.nodejs\\vidly\\index.js": {"path":"C:\\Users\\WorkPC\\Desktop\\CodeWithMosh\\4.nodejs\\vidly\\index.js","statementMap":{"0":{"start":{"line":12,"column":12},"end":{"line":12,"column":21}},"1":{"start":{"line":14,"column":0},"end":{"line":14,"column":23}},"2":{"start":{"line":15,"column":0},"end":{"line":15,"column":24}},"3":{"start":{"line":16,"column":0},"end":{"line":16,"column":12}},"4":{"start":{"line":17,"column":0},"end":{"line":17,"column":5}},"5":{"start":{"line":18,"column":0},"end":{"line":18,"column":9}},"6":{"start":{"line":19,"column":0},"end":{"line":19,"column":13}},"7":{"start":{"line":21,"column":13},"end":{"line":21,"column":37}},"8":{"start":{"line":22,"column":15},"end":{"line":24,"column":1}},"9":{"start":{"line":23,"column":2},"end":{"line":23,"column":45}},"10":{"start":{"line":26,"column":0},"end":{"line":26,"column":23}},"11":{"start":{"line":33,"column":0},"end":{"line":33,"column":24}}},"fnMap":{"0":{"name":"(anonymous_0)","decl":{"start":{"line":22,"column":32},"end":{"line":22,"column":33}},"loc":{"start":{"line":23,"column":2},"end":{"line":23,"column":45}},"line":23}},"branchMap":{"0":{"loc":{"start":{"line":21,"column":13},"end":{"line":21,"column":37}},"type":"binary-expr","locations":[{"start":{"line":21,"column":13},"end":{"line":21,"column":29}},{"start":{"line":21,"column":33},"end":{"line":21,"column":37}}],"line":21}},"s":{"0":3,"1":3,"2":3,"3":3,"4":3,"5":3,"6":3,"7":3,"8":3,"9":3,"10":3,"11":3},"f":{"0":3},"b":{"0":[3,0]},"_coverageSchema":"1a1c01bbd47fc00a2c39e90264f33305004495a9","hash":"49c8df73defba5fe6626e1b4b23de6d54a69b79f"}
,"C:\\Users\\WorkPC\\Desktop\\CodeWithMosh\\4.nodejs\\vidly\\logger.js": {"path":"C:\\Users\\WorkPC\\Desktop\\CodeWithMosh\\4.nodejs\\vidly\\logger.js","statementMap":{"0":{"start":{"line":5,"column":24},"end":{"line":15,"column":1}},"1":{"start":{"line":8,"column":4},"end":{"line":13,"column":7}},"2":{"start":{"line":18,"column":2},"end":{"line":34,"column":5}},"3":{"start":{"line":38,"column":2},"end":{"line":54,"column":5}}},"fnMap":{"0":{"name":"(anonymous_0)","decl":{"start":{"line":7,"column":16},"end":{"line":7,"column":17}},"loc":{"start":{"line":7,"column":26},"end":{"line":14,"column":3}},"line":7},"1":{"name":"logUncaughtException","decl":{"start":{"line":17,"column":16},"end":{"line":17,"column":36}},"loc":{"start":{"line":17,"column":39},"end":{"line":35,"column":1}},"line":17},"2":{"name":"logUnhandledRejection","decl":{"start":{"line":37,"column":16},"end":{"line":37,"column":37}},"loc":{"start":{"line":37,"column":40},"end":{"line":55,"column":1}},"line":37}},"branchMap":{},"s":{"0":3,"1":6,"2":3,"3":3},"f":{"0":6,"1":3,"2":3},"b":{},"_coverageSchema":"1a1c01bbd47fc00a2c39e90264f33305004495a9","hash":"3e02010b1cd98daa7816fc0b080e4859d812b921"}
,"C:\\Users\\WorkPC\\Desktop\\CodeWithMosh\\4.nodejs\\vidly\\middleware\\admin.js": {"path":"C:\\Users\\WorkPC\\Desktop\\CodeWithMosh\\4.nodejs\\vidly\\middleware\\admin.js","statementMap":{"0":{"start":{"line":5,"column":2},"end":{"line":5,"column":71}},"1":{"start":{"line":5,"column":25},"end":{"line":5,"column":71}},"2":{"start":{"line":7,"column":2},"end":{"line":7,"column":9}}},"fnMap":{"0":{"name":"(anonymous_0)","decl":{"start":{"line":1,"column":15},"end":{"line":1,"column":16}},"loc":{"start":{"line":1,"column":41},"end":{"line":8,"column":1}},"line":1}},"branchMap":{"0":{"loc":{"start":{"line":5,"column":2},"end":{"line":5,"column":71}},"type":"if","locations":[{"start":{"line":5,"column":2},"end":{"line":5,"column":71}},{"start":{},"end":{}}],"line":5}},"s":{"0":0,"1":0,"2":0},"f":{"0":0},"b":{"0":[0,0]},"_coverageSchema":"1a1c01bbd47fc00a2c39e90264f33305004495a9","hash":"4f168f1123a9caef25f0c641a11ea16af47d0526"}
,"C:\\Users\\WorkPC\\Desktop\\CodeWithMosh\\4.nodejs\\vidly\\middleware\\async.js": {"path":"C:\\Users\\WorkPC\\Desktop\\CodeWithMosh\\4.nodejs\\vidly\\middleware\\async.js","statementMap":{"0":{"start":{"line":2,"column":2},"end":{"line":8,"column":4}},"1":{"start":{"line":3,"column":4},"end":{"line":7,"column":5}},"2":{"start":{"line":4,"column":6},"end":{"line":4,"column":30}},"3":{"start":{"line":6,"column":6},"end":{"line":6,"column":15}}},"fnMap":{"0":{"name":"asyncMiddleware","decl":{"start":{"line":1,"column":24},"end":{"line":1,"column":39}},"loc":{"start":{"line":1,"column":49},"end":{"line":9,"column":1}},"line":1},"1":{"name":"(anonymous_1)","decl":{"start":{"line":2,"column":9},"end":{"line":2,"column":10}},"loc":{"start":{"line":2,"column":35},"end":{"line":8,"column":3}},"line":2}},"branchMap":{},"s":{"0":0,"1":0,"2":0,"3":0},"f":{"0":0,"1":0},"b":{},"_coverageSchema":"1a1c01bbd47fc00a2c39e90264f33305004495a9","hash":"c178cc2aa5c85bef632e0b15e6a3393f96cb29e1"}
,"C:\\Users\\WorkPC\\Desktop\\CodeWithMosh\\4.nodejs\\vidly\\middleware\\auth.js": {"path":"C:\\Users\\WorkPC\\Desktop\\CodeWithMosh\\4.nodejs\\vidly\\middleware\\auth.js","statementMap":{"0":{"start":{"line":5,"column":16},"end":{"line":5,"column":42}},"1":{"start":{"line":6,"column":2},"end":{"line":6,"column":79}},"2":{"start":{"line":6,"column":14},"end":{"line":6,"column":79}},"3":{"start":{"line":8,"column":2},"end":{"line":14,"column":3}},"4":{"start":{"line":9,"column":20},"end":{"line":9,"column":66}},"5":{"start":{"line":10,"column":4},"end":{"line":10,"column":23}},"6":{"start":{"line":11,"column":4},"end":{"line":11,"column":11}},"7":{"start":{"line":13,"column":4},"end":{"line":13,"column":43}}},"fnMap":{"0":{"name":"(anonymous_0)","decl":{"start":{"line":4,"column":15},"end":{"line":4,"column":16}},"loc":{"start":{"line":4,"column":41},"end":{"line":15,"column":1}},"line":4}},"branchMap":{"0":{"loc":{"start":{"line":6,"column":2},"end":{"line":6,"column":79}},"type":"if","locations":[{"start":{"line":6,"column":2},"end":{"line":6,"column":79}},{"start":{},"end":{}}],"line":6}},"s":{"0":15,"1":15,"2":3,"3":12,"4":12,"5":11,"6":11,"7":1},"f":{"0":15},"b":{"0":[3,12]},"_coverageSchema":"1a1c01bbd47fc00a2c39e90264f33305004495a9","hash":"66ab76162b5810d42e95d4af76a950a423d885e5"}
,"C:\\Users\\WorkPC\\Desktop\\CodeWithMosh\\4.nodejs\\vidly\\middleware\\error.js": {"path":"C:\\Users\\WorkPC\\Desktop\\CodeWithMosh\\4.nodejs\\vidly\\middleware\\error.js","statementMap":{"0":{"start":{"line":4,"column":2},"end":{"line":6,"column":5}},"1":{"start":{"line":7,"column":2},"end":{"line":7,"column":48}}},"fnMap":{"0":{"name":"(anonymous_0)","decl":{"start":{"line":3,"column":15},"end":{"line":3,"column":16}},"loc":{"start":{"line":3,"column":46},"end":{"line":8,"column":1}},"line":3}},"branchMap":{},"s":{"0":0,"1":0},"f":{"0":0},"b":{},"_coverageSchema":"1a1c01bbd47fc00a2c39e90264f33305004495a9","hash":"1358ef9d0801eee298070b2d25a4c3f1bb566334"}
,"C:\\Users\\WorkPC\\Desktop\\CodeWithMosh\\4.nodejs\\vidly\\middleware\\validateObjectId.js": {"path":"C:\\Users\\WorkPC\\Desktop\\CodeWithMosh\\4.nodejs\\vidly\\middleware\\validateObjectId.js","statementMap":{"0":{"start":{"line":4,"column":2},"end":{"line":5,"column":47}},"1":{"start":{"line":5,"column":4},"end":{"line":5,"column":47}},"2":{"start":{"line":7,"column":2},"end":{"line":7,"column":9}}},"fnMap":{"0":{"name":"(anonymous_0)","decl":{"start":{"line":3,"column":15},"end":{"line":3,"column":16}},"loc":{"start":{"line":3,"column":41},"end":{"line":8,"column":1}},"line":3}},"branchMap":{"0":{"loc":{"start":{"line":4,"column":2},"end":{"line":5,"column":47}},"type":"if","locations":[{"start":{"line":4,"column":2},"end":{"line":5,"column":47}},{"start":{},"end":{}}],"line":4}},"s":{"0":3,"1":1,"2":2},"f":{"0":3},"b":{"0":[1,2]},"_coverageSchema":"1a1c01bbd47fc00a2c39e90264f33305004495a9","hash":"898248c1ef0f4248c98a2d23b99e3d8be3b79923"}
,"C:\\Users\\WorkPC\\Desktop\\CodeWithMosh\\4.nodejs\\vidly\\models\\customer.js": {"path":"C:\\Users\\WorkPC\\Desktop\\CodeWithMosh\\4.nodejs\\vidly\\models\\customer.js","statementMap":{"0":{"start":{"line":4,"column":17},"end":{"line":24,"column":1}},"1":{"start":{"line":27,"column":17},"end":{"line":31,"column":4}},"2":{"start":{"line":33,"column":2},"end":{"line":33,"column":35}}},"fnMap":{"0":{"name":"validate","decl":{"start":{"line":26,"column":16},"end":{"line":26,"column":24}},"loc":{"start":{"line":26,"column":35},"end":{"line":34,"column":1}},"line":26}},"branchMap":{},"s":{"0":3,"1":0,"2":0},"f":{"0":0},"b":{},"_coverageSchema":"1a1c01bbd47fc00a2c39e90264f33305004495a9","hash":"1600db02b507b55f99a52ed372ac94a27115780e"}
,"C:\\Users\\WorkPC\\Desktop\\CodeWithMosh\\4.nodejs\\vidly\\models\\genre.js": {"path":"C:\\Users\\WorkPC\\Desktop\\CodeWithMosh\\4.nodejs\\vidly\\models\\genre.js","statementMap":{"0":{"start":{"line":4,"column":20},"end":{"line":11,"column":2}},"1":{"start":{"line":13,"column":14},"end":{"line":13,"column":50}},"2":{"start":{"line":16,"column":17},"end":{"line":18,"column":4}},"3":{"start":{"line":20,"column":2},"end":{"line":20,"column":32}}},"fnMap":{"0":{"name":"validate","decl":{"start":{"line":15,"column":16},"end":{"line":15,"column":24}},"loc":{"start":{"line":15,"column":32},"end":{"line":21,"column":1}},"line":15}},"branchMap":{},"s":{"0":3,"1":3,"2":5,"3":5},"f":{"0":5},"b":{},"_coverageSchema":"1a1c01bbd47fc00a2c39e90264f33305004495a9","hash":"8b31c95ee51a1dc2839bbf69ede1f9d5e34b7263"}
,"C:\\Users\\WorkPC\\Desktop\\CodeWithMosh\\4.nodejs\\vidly\\models\\movie.js": {"path":"C:\\Users\\WorkPC\\Desktop\\CodeWithMosh\\4.nodejs\\vidly\\models\\movie.js","statementMap":{"0":{"start":{"line":6,"column":14},"end":{"line":33,"column":1}},"1":{"start":{"line":36,"column":17},"end":{"line":41,"column":4}},"2":{"start":{"line":43,"column":2},"end":{"line":43,"column":32}}},"fnMap":{"0":{"name":"validate","decl":{"start":{"line":35,"column":16},"end":{"line":35,"column":24}},"loc":{"start":{"line":35,"column":32},"end":{"line":44,"column":1}},"line":35}},"branchMap":{},"s":{"0":3,"1":0,"2":0},"f":{"0":0},"b":{},"_coverageSchema":"1a1c01bbd47fc00a2c39e90264f33305004495a9","hash":"a942738b4b6b59537ce227dd003796af2dd7b690"}
,"C:\\Users\\WorkPC\\Desktop\\CodeWithMosh\\4.nodejs\\vidly\\models\\rental.js": {"path":"C:\\Users\\WorkPC\\Desktop\\CodeWithMosh\\4.nodejs\\vidly\\models\\rental.js","statementMap":{"0":{"start":{"line":5,"column":15},"end":{"line":60,"column":1}},"1":{"start":{"line":63,"column":17},"end":{"line":66,"column":4}},"2":{"start":{"line":68,"column":2},"end":{"line":68,"column":33}}},"fnMap":{"0":{"name":"validate","decl":{"start":{"line":62,"column":16},"end":{"line":62,"column":24}},"loc":{"start":{"line":62,"column":33},"end":{"line":69,"column":1}},"line":62}},"branchMap":{},"s":{"0":3,"1":0,"2":0},"f":{"0":0},"b":{},"_coverageSchema":"1a1c01bbd47fc00a2c39e90264f33305004495a9","hash":"53f50b64f10376075720aab53ee69b31c0ecd1b3"}
,"C:\\Users\\WorkPC\\Desktop\\CodeWithMosh\\4.nodejs\\vidly\\models\\user.js": {"path":"C:\\Users\\WorkPC\\Desktop\\CodeWithMosh\\4.nodejs\\vidly\\models\\user.js","statementMap":{"0":{"start":{"line":6,"column":19},"end":{"line":27,"column":2}},"1":{"start":{"line":29,"column":0},"end":{"line":35,"column":2}},"2":{"start":{"line":30,"column":16},"end":{"line":33,"column":3}},"3":{"start":{"line":34,"column":2},"end":{"line":34,"column":15}},"4":{"start":{"line":37,"column":13},"end":{"line":37,"column":47}},"5":{"start":{"line":40,"column":17},"end":{"line":44,"column":4}},"6":{"start":{"line":46,"column":2},"end":{"line":46,"column":31}}},"fnMap":{"0":{"name":"(anonymous_0)","decl":{"start":{"line":29,"column":39},"end":{"line":29,"column":40}},"loc":{"start":{"line":29,"column":51},"end":{"line":35,"column":1}},"line":29},"1":{"name":"validate","decl":{"start":{"line":39,"column":16},"end":{"line":39,"column":24}},"loc":{"start":{"line":39,"column":31},"end":{"line":47,"column":1}},"line":39}},"branchMap":{},"s":{"0":5,"1":5,"2":16,"3":16,"4":5,"5":0,"6":0},"f":{"0":16,"1":0},"b":{},"_coverageSchema":"1a1c01bbd47fc00a2c39e90264f33305004495a9","hash":"467ec0735594ad516c453fce307a9aaeb33e2f86"}
,"C:\\Users\\WorkPC\\Desktop\\CodeWithMosh\\4.nodejs\\vidly\\routes\\auth.js": {"path":"C:\\Users\\WorkPC\\Desktop\\CodeWithMosh\\4.nodejs\\vidly\\routes\\auth.js","statementMap":{"0":{"start":{"line":6,"column":15},"end":{"line":6,"column":31}},"1":{"start":{"line":8,"column":0},"end":{"line":20,"column":3}},"2":{"start":{"line":9,"column":20},"end":{"line":9,"column":38}},"3":{"start":{"line":10,"column":2},"end":{"line":10,"column":67}},"4":{"start":{"line":10,"column":13},"end":{"line":10,"column":67}},"5":{"start":{"line":12,"column":13},"end":{"line":12,"column":58}},"6":{"start":{"line":13,"column":2},"end":{"line":13,"column":71}},"7":{"start":{"line":13,"column":13},"end":{"line":13,"column":71}},"8":{"start":{"line":15,"column":24},"end":{"line":15,"column":78}},"9":{"start":{"line":16,"column":2},"end":{"line":16,"column":80}},"10":{"start":{"line":16,"column":22},"end":{"line":16,"column":80}},"11":{"start":{"line":18,"column":16},"end":{"line":18,"column":40}},"12":{"start":{"line":19,"column":2},"end":{"line":19,"column":18}},"13":{"start":{"line":23,"column":17},"end":{"line":26,"column":4}},"14":{"start":{"line":28,"column":2},"end":{"line":28,"column":30}}},"fnMap":{"0":{"name":"(anonymous_0)","decl":{"start":{"line":8,"column":17},"end":{"line":8,"column":18}},"loc":{"start":{"line":8,"column":37},"end":{"line":20,"column":1}},"line":8},"1":{"name":"validate","decl":{"start":{"line":22,"column":9},"end":{"line":22,"column":17}},"loc":{"start":{"line":22,"column":23},"end":{"line":29,"column":1}},"line":22}},"branchMap":{"0":{"loc":{"start":{"line":10,"column":2},"end":{"line":10,"column":67}},"type":"if","locations":[{"start":{"line":10,"column":2},"end":{"line":10,"column":67}},{"start":{},"end":{}}],"line":10},"1":{"loc":{"start":{"line":13,"column":2},"end":{"line":13,"column":71}},"type":"if","locations":[{"start":{"line":13,"column":2},"end":{"line":13,"column":71}},{"start":{},"end":{}}],"line":13},"2":{"loc":{"start":{"line":16,"column":2},"end":{"line":16,"column":80}},"type":"if","locations":[{"start":{"line":16,"column":2},"end":{"line":16,"column":80}},{"start":{},"end":{}}],"line":16}},"s":{"0":3,"1":3,"2":0,"3":0,"4":0,"5":0,"6":0,"7":0,"8":0,"9":0,"10":0,"11":0,"12":0,"13":0,"14":0},"f":{"0":0,"1":0},"b":{"0":[0,0],"1":[0,0],"2":[0,0]},"_coverageSchema":"1a1c01bbd47fc00a2c39e90264f33305004495a9","hash":"04ce465ad01d8e50f4ea804a5a3ff5976e19e683"}
,"C:\\Users\\WorkPC\\Desktop\\CodeWithMosh\\4.nodejs\\vidly\\routes\\customers.js": {"path":"C:\\Users\\WorkPC\\Desktop\\CodeWithMosh\\4.nodejs\\vidly\\routes\\customers.js","statementMap":{"0":{"start":{"line":3,"column":15},"end":{"line":3,"column":31}},"1":{"start":{"line":5,"column":0},"end":{"line":8,"column":3}},"2":{"start":{"line":6,"column":20},"end":{"line":6,"column":54}},"3":{"start":{"line":7,"column":2},"end":{"line":7,"column":22}},"4":{"start":{"line":10,"column":0},"end":{"line":22,"column":3}},"5":{"start":{"line":11,"column":20},"end":{"line":11,"column":38}},"6":{"start":{"line":12,"column":2},"end":{"line":12,"column":67}},"7":{"start":{"line":12,"column":13},"end":{"line":12,"column":67}},"8":{"start":{"line":14,"column":17},"end":{"line":18,"column":4}},"9":{"start":{"line":19,"column":2},"end":{"line":19,"column":35}},"10":{"start":{"line":21,"column":2},"end":{"line":21,"column":21}},"11":{"start":{"line":24,"column":0},"end":{"line":44,"column":3}},"12":{"start":{"line":25,"column":20},"end":{"line":25,"column":38}},"13":{"start":{"line":26,"column":2},"end":{"line":26,"column":67}},"14":{"start":{"line":26,"column":13},"end":{"line":26,"column":67}},"15":{"start":{"line":28,"column":19},"end":{"line":36,"column":3}},"16":{"start":{"line":38,"column":2},"end":{"line":41,"column":61}},"17":{"start":{"line":39,"column":4},"end":{"line":41,"column":61}},"18":{"start":{"line":43,"column":2},"end":{"line":43,"column":21}},"19":{"start":{"line":46,"column":0},"end":{"line":55,"column":3}},"20":{"start":{"line":47,"column":19},"end":{"line":47,"column":66}},"21":{"start":{"line":49,"column":2},"end":{"line":52,"column":61}},"22":{"start":{"line":50,"column":4},"end":{"line":52,"column":61}},"23":{"start":{"line":54,"column":2},"end":{"line":54,"column":21}},"24":{"start":{"line":57,"column":0},"end":{"line":66,"column":3}},"25":{"start":{"line":58,"column":19},"end":{"line":58,"column":57}},"26":{"start":{"line":60,"column":2},"end":{"line":63,"column":61}},"27":{"start":{"line":61,"column":4},"end":{"line":63,"column":61}},"28":{"start":{"line":65,"column":2},"end":{"line":65,"column":21}}},"fnMap":{"0":{"name":"(anonymous_0)","decl":{"start":{"line":5,"column":16},"end":{"line":5,"column":17}},"loc":{"start":{"line":5,"column":36},"end":{"line":8,"column":1}},"line":5},"1":{"name":"(anonymous_1)","decl":{"start":{"line":10,"column":17},"end":{"line":10,"column":18}},"loc":{"start":{"line":10,"column":37},"end":{"line":22,"column":1}},"line":10},"2":{"name":"(anonymous_2)","decl":{"start":{"line":24,"column":19},"end":{"line":24,"column":20}},"loc":{"start":{"line":24,"column":39},"end":{"line":44,"column":1}},"line":24},"3":{"name":"(anonymous_3)","decl":{"start":{"line":46,"column":22},"end":{"line":46,"column":23}},"loc":{"start":{"line":46,"column":42},"end":{"line":55,"column":1}},"line":46},"4":{"name":"(anonymous_4)","decl":{"start":{"line":57,"column":19},"end":{"line":57,"column":20}},"loc":{"start":{"line":57,"column":39},"end":{"line":66,"column":1}},"line":57}},"branchMap":{"0":{"loc":{"start":{"line":12,"column":2},"end":{"line":12,"column":67}},"type":"if","locations":[{"start":{"line":12,"column":2},"end":{"line":12,"column":67}},{"start":{},"end":{}}],"line":12},"1":{"loc":{"start":{"line":26,"column":2},"end":{"line":26,"column":67}},"type":"if","locations":[{"start":{"line":26,"column":2},"end":{"line":26,"column":67}},{"start":{},"end":{}}],"line":26},"2":{"loc":{"start":{"line":38,"column":2},"end":{"line":41,"column":61}},"type":"if","locations":[{"start":{"line":38,"column":2},"end":{"line":41,"column":61}},{"start":{},"end":{}}],"line":38},"3":{"loc":{"start":{"line":49,"column":2},"end":{"line":52,"column":61}},"type":"if","locations":[{"start":{"line":49,"column":2},"end":{"line":52,"column":61}},{"start":{},"end":{}}],"line":49},"4":{"loc":{"start":{"line":60,"column":2},"end":{"line":63,"column":61}},"type":"if","locations":[{"start":{"line":60,"column":2},"end":{"line":63,"column":61}},{"start":{},"end":{}}],"line":60}},"s":{"0":3,"1":3,"2":0,"3":0,"4":3,"5":0,"6":0,"7":0,"8":0,"9":0,"10":0,"11":3,"12":0,"13":0,"14":0,"15":0,"16":0,"17":0,"18":0,"19":3,"20":0,"21":0,"22":0,"23":0,"24":3,"25":0,"26":0,"27":0,"28":0},"f":{"0":0,"1":0,"2":0,"3":0,"4":0},"b":{"0":[0,0],"1":[0,0],"2":[0,0],"3":[0,0],"4":[0,0]},"_coverageSchema":"1a1c01bbd47fc00a2c39e90264f33305004495a9","hash":"efec83b7084c8d4c9d083af9bdf70ee47eb6937c"}
,"C:\\Users\\WorkPC\\Desktop\\CodeWithMosh\\4.nodejs\\vidly\\routes\\genres.js": {"path":"C:\\Users\\WorkPC\\Desktop\\CodeWithMosh\\4.nodejs\\vidly\\routes\\genres.js","statementMap":{"0":{"start":{"line":8,"column":15},"end":{"line":8,"column":31}},"1":{"start":{"line":10,"column":0},"end":{"line":13,"column":3}},"2":{"start":{"line":11,"column":17},"end":{"line":11,"column":48}},"3":{"start":{"line":12,"column":2},"end":{"line":12,"column":19}},"4":{"start":{"line":15,"column":0},"end":{"line":23,"column":3}},"5":{"start":{"line":16,"column":20},"end":{"line":16,"column":38}},"6":{"start":{"line":17,"column":2},"end":{"line":17,"column":67}},"7":{"start":{"line":17,"column":13},"end":{"line":17,"column":67}},"8":{"start":{"line":19,"column":14},"end":{"line":19,"column":48}},"9":{"start":{"line":20,"column":2},"end":{"line":20,"column":29}},"10":{"start":{"line":22,"column":2},"end":{"line":22,"column":18}},"11":{"start":{"line":25,"column":0},"end":{"line":41,"column":3}},"12":{"start":{"line":26,"column":20},"end":{"line":26,"column":38}},"13":{"start":{"line":27,"column":2},"end":{"line":27,"column":67}},"14":{"start":{"line":27,"column":13},"end":{"line":27,"column":67}},"15":{"start":{"line":29,"column":16},"end":{"line":35,"column":3}},"16":{"start":{"line":37,"column":2},"end":{"line":38,"column":78}},"17":{"start":{"line":38,"column":4},"end":{"line":38,"column":78}},"18":{"start":{"line":40,"column":2},"end":{"line":40,"column":18}},"19":{"start":{"line":43,"column":0},"end":{"line":50,"column":3}},"20":{"start":{"line":44,"column":16},"end":{"line":44,"column":60}},"21":{"start":{"line":46,"column":2},"end":{"line":47,"column":78}},"22":{"start":{"line":47,"column":4},"end":{"line":47,"column":78}},"23":{"start":{"line":49,"column":2},"end":{"line":49,"column":18}},"24":{"start":{"line":52,"column":0},"end":{"line":59,"column":3}},"25":{"start":{"line":53,"column":16},"end":{"line":53,"column":51}},"26":{"start":{"line":55,"column":2},"end":{"line":56,"column":78}},"27":{"start":{"line":56,"column":4},"end":{"line":56,"column":78}},"28":{"start":{"line":58,"column":2},"end":{"line":58,"column":18}}},"fnMap":{"0":{"name":"(anonymous_0)","decl":{"start":{"line":10,"column":16},"end":{"line":10,"column":17}},"loc":{"start":{"line":10,"column":36},"end":{"line":13,"column":1}},"line":10},"1":{"name":"(anonymous_1)","decl":{"start":{"line":15,"column":23},"end":{"line":15,"column":24}},"loc":{"start":{"line":15,"column":43},"end":{"line":23,"column":1}},"line":15},"2":{"name":"(anonymous_2)","decl":{"start":{"line":25,"column":19},"end":{"line":25,"column":20}},"loc":{"start":{"line":25,"column":39},"end":{"line":41,"column":1}},"line":25},"3":{"name":"(anonymous_3)","decl":{"start":{"line":43,"column":37},"end":{"line":43,"column":38}},"loc":{"start":{"line":43,"column":57},"end":{"line":50,"column":1}},"line":43},"4":{"name":"(anonymous_4)","decl":{"start":{"line":52,"column":37},"end":{"line":52,"column":38}},"loc":{"start":{"line":52,"column":57},"end":{"line":59,"column":1}},"line":52}},"branchMap":{"0":{"loc":{"start":{"line":17,"column":2},"end":{"line":17,"column":67}},"type":"if","locations":[{"start":{"line":17,"column":2},"end":{"line":17,"column":67}},{"start":{},"end":{}}],"line":17},"1":{"loc":{"start":{"line":27,"column":2},"end":{"line":27,"column":67}},"type":"if","locations":[{"start":{"line":27,"column":2},"end":{"line":27,"column":67}},{"start":{},"end":{}}],"line":27},"2":{"loc":{"start":{"line":37,"column":2},"end":{"line":38,"column":78}},"type":"if","locations":[{"start":{"line":37,"column":2},"end":{"line":38,"column":78}},{"start":{},"end":{}}],"line":37},"3":{"loc":{"start":{"line":46,"column":2},"end":{"line":47,"column":78}},"type":"if","locations":[{"start":{"line":46,"column":2},"end":{"line":47,"column":78}},{"start":{},"end":{}}],"line":46},"4":{"loc":{"start":{"line":55,"column":2},"end":{"line":56,"column":78}},"type":"if","locations":[{"start":{"line":55,"column":2},"end":{"line":56,"column":78}},{"start":{},"end":{}}],"line":55}},"s":{"0":3,"1":3,"2":1,"3":1,"4":3,"5":5,"6":5,"7":2,"8":3,"9":3,"10":3,"11":3,"12":0,"13":0,"14":0,"15":0,"16":0,"17":0,"18":0,"19":3,"20":0,"21":0,"22":0,"23":0,"24":3,"25":2,"26":2,"27":1,"28":1},"f":{"0":1,"1":5,"2":0,"3":0,"4":2},"b":{"0":[2,3],"1":[0,0],"2":[0,0],"3":[0,0],"4":[1,1]},"_coverageSchema":"1a1c01bbd47fc00a2c39e90264f33305004495a9","hash":"fbf9d2692797b032d753efa29c8478708deb1f9c"}
,"C:\\Users\\WorkPC\\Desktop\\CodeWithMosh\\4.nodejs\\vidly\\routes\\movies.js": {"path":"C:\\Users\\WorkPC\\Desktop\\CodeWithMosh\\4.nodejs\\vidly\\routes\\movies.js","statementMap":{"0":{"start":{"line":4,"column":15},"end":{"line":4,"column":31}},"1":{"start":{"line":6,"column":0},"end":{"line":9,"column":3}},"2":{"start":{"line":7,"column":17},"end":{"line":7,"column":48}},"3":{"start":{"line":8,"column":2},"end":{"line":8,"column":19}},"4":{"start":{"line":11,"column":0},"end":{"line":30,"column":3}},"5":{"start":{"line":12,"column":20},"end":{"line":12,"column":38}},"6":{"start":{"line":13,"column":2},"end":{"line":13,"column":67}},"7":{"start":{"line":13,"column":13},"end":{"line":13,"column":67}},"8":{"start":{"line":15,"column":16},"end":{"line":15,"column":54}},"9":{"start":{"line":16,"column":2},"end":{"line":16,"column":60}},"10":{"start":{"line":16,"column":14},"end":{"line":16,"column":60}},"11":{"start":{"line":18,"column":16},"end":{"line":26,"column":4}},"12":{"start":{"line":27,"column":2},"end":{"line":27,"column":21}},"13":{"start":{"line":29,"column":2},"end":{"line":29,"column":18}},"14":{"start":{"line":32,"column":0},"end":{"line":57,"column":3}},"15":{"start":{"line":33,"column":20},"end":{"line":33,"column":38}},"16":{"start":{"line":34,"column":2},"end":{"line":34,"column":67}},"17":{"start":{"line":34,"column":13},"end":{"line":34,"column":67}},"18":{"start":{"line":36,"column":16},"end":{"line":36,"column":54}},"19":{"start":{"line":37,"column":2},"end":{"line":37,"column":60}},"20":{"start":{"line":37,"column":14},"end":{"line":37,"column":60}},"21":{"start":{"line":39,"column":16},"end":{"line":51,"column":3}},"22":{"start":{"line":53,"column":2},"end":{"line":54,"column":78}},"23":{"start":{"line":54,"column":4},"end":{"line":54,"column":78}},"24":{"start":{"line":56,"column":2},"end":{"line":56,"column":18}},"25":{"start":{"line":59,"column":0},"end":{"line":66,"column":3}},"26":{"start":{"line":60,"column":16},"end":{"line":60,"column":60}},"27":{"start":{"line":62,"column":2},"end":{"line":63,"column":78}},"28":{"start":{"line":63,"column":4},"end":{"line":63,"column":78}},"29":{"start":{"line":65,"column":2},"end":{"line":65,"column":18}},"30":{"start":{"line":68,"column":0},"end":{"line":75,"column":3}},"31":{"start":{"line":69,"column":16},"end":{"line":69,"column":51}},"32":{"start":{"line":71,"column":2},"end":{"line":72,"column":78}},"33":{"start":{"line":72,"column":4},"end":{"line":72,"column":78}},"34":{"start":{"line":74,"column":2},"end":{"line":74,"column":18}}},"fnMap":{"0":{"name":"(anonymous_0)","decl":{"start":{"line":6,"column":16},"end":{"line":6,"column":17}},"loc":{"start":{"line":6,"column":36},"end":{"line":9,"column":1}},"line":6},"1":{"name":"(anonymous_1)","decl":{"start":{"line":11,"column":17},"end":{"line":11,"column":18}},"loc":{"start":{"line":11,"column":37},"end":{"line":30,"column":1}},"line":11},"2":{"name":"(anonymous_2)","decl":{"start":{"line":32,"column":19},"end":{"line":32,"column":20}},"loc":{"start":{"line":32,"column":39},"end":{"line":57,"column":1}},"line":32},"3":{"name":"(anonymous_3)","decl":{"start":{"line":59,"column":22},"end":{"line":59,"column":23}},"loc":{"start":{"line":59,"column":42},"end":{"line":66,"column":1}},"line":59},"4":{"name":"(anonymous_4)","decl":{"start":{"line":68,"column":19},"end":{"line":68,"column":20}},"loc":{"start":{"line":68,"column":39},"end":{"line":75,"column":1}},"line":68}},"branchMap":{"0":{"loc":{"start":{"line":13,"column":2},"end":{"line":13,"column":67}},"type":"if","locations":[{"start":{"line":13,"column":2},"end":{"line":13,"column":67}},{"start":{},"end":{}}],"line":13},"1":{"loc":{"start":{"line":16,"column":2},"end":{"line":16,"column":60}},"type":"if","locations":[{"start":{"line":16,"column":2},"end":{"line":16,"column":60}},{"start":{},"end":{}}],"line":16},"2":{"loc":{"start":{"line":34,"column":2},"end":{"line":34,"column":67}},"type":"if","locations":[{"start":{"line":34,"column":2},"end":{"line":34,"column":67}},{"start":{},"end":{}}],"line":34},"3":{"loc":{"start":{"line":37,"column":2},"end":{"line":37,"column":60}},"type":"if","locations":[{"start":{"line":37,"column":2},"end":{"line":37,"column":60}},{"start":{},"end":{}}],"line":37},"4":{"loc":{"start":{"line":53,"column":2},"end":{"line":54,"column":78}},"type":"if","locations":[{"start":{"line":53,"column":2},"end":{"line":54,"column":78}},{"start":{},"end":{}}],"line":53},"5":{"loc":{"start":{"line":62,"column":2},"end":{"line":63,"column":78}},"type":"if","locations":[{"start":{"line":62,"column":2},"end":{"line":63,"column":78}},{"start":{},"end":{}}],"line":62},"6":{"loc":{"start":{"line":71,"column":2},"end":{"line":72,"column":78}},"type":"if","locations":[{"start":{"line":71,"column":2},"end":{"line":72,"column":78}},{"start":{},"end":{}}],"line":71}},"s":{"0":3,"1":3,"2":0,"3":0,"4":3,"5":0,"6":0,"7":0,"8":0,"9":0,"10":0,"11":0,"12":0,"13":0,"14":3,"15":0,"16":0,"17":0,"18":0,"19":0,"20":0,"21":0,"22":0,"23":0,"24":0,"25":3,"26":0,"27":0,"28":0,"29":0,"30":3,"31":0,"32":0,"33":0,"34":0},"f":{"0":0,"1":0,"2":0,"3":0,"4":0},"b":{"0":[0,0],"1":[0,0],"2":[0,0],"3":[0,0],"4":[0,0],"5":[0,0],"6":[0,0]},"_coverageSchema":"1a1c01bbd47fc00a2c39e90264f33305004495a9","hash":"48fbe9b6646b585391e7e957bcd8699b4710c64a"}
,"C:\\Users\\WorkPC\\Desktop\\CodeWithMosh\\4.nodejs\\vidly\\routes\\rentals.js": {"path":"C:\\Users\\WorkPC\\Desktop\\CodeWithMosh\\4.nodejs\\vidly\\routes\\rentals.js","statementMap":{"0":{"start":{"line":7,"column":15},"end":{"line":7,"column":31}},"1":{"start":{"line":11,"column":0},"end":{"line":14,"column":3}},"2":{"start":{"line":12,"column":18},"end":{"line":12,"column":54}},"3":{"start":{"line":13,"column":2},"end":{"line":13,"column":20}},"4":{"start":{"line":16,"column":0},"end":{"line":56,"column":3}},"5":{"start":{"line":17,"column":20},"end":{"line":17,"column":38}},"6":{"start":{"line":18,"column":2},"end":{"line":18,"column":67}},"7":{"start":{"line":18,"column":13},"end":{"line":18,"column":67}},"8":{"start":{"line":20,"column":19},"end":{"line":20,"column":63}},"9":{"start":{"line":21,"column":2},"end":{"line":21,"column":66}},"10":{"start":{"line":21,"column":17},"end":{"line":21,"column":66}},"11":{"start":{"line":23,"column":16},"end":{"line":23,"column":54}},"12":{"start":{"line":24,"column":2},"end":{"line":24,"column":60}},"13":{"start":{"line":24,"column":14},"end":{"line":24,"column":60}},"14":{"start":{"line":26,"column":2},"end":{"line":27,"column":55}},"15":{"start":{"line":27,"column":4},"end":{"line":27,"column":55}},"16":{"start":{"line":29,"column":15},"end":{"line":40,"column":4}},"17":{"start":{"line":42,"column":2},"end":{"line":55,"column":3}},"18":{"start":{"line":43,"column":20},"end":{"line":43,"column":49}},"19":{"start":{"line":44,"column":4},"end":{"line":49,"column":7}},"20":{"start":{"line":45,"column":21},"end":{"line":45,"column":40}},"21":{"start":{"line":46,"column":6},"end":{"line":46,"column":28}},"22":{"start":{"line":47,"column":6},"end":{"line":47,"column":19}},"23":{"start":{"line":48,"column":6},"end":{"line":48,"column":23}},"24":{"start":{"line":51,"column":4},"end":{"line":51,"column":25}},"25":{"start":{"line":52,"column":4},"end":{"line":52,"column":27}},"26":{"start":{"line":54,"column":4},"end":{"line":54,"column":43}},"27":{"start":{"line":58,"column":0},"end":{"line":65,"column":3}},"28":{"start":{"line":59,"column":17},"end":{"line":59,"column":53}},"29":{"start":{"line":61,"column":2},"end":{"line":62,"column":79}},"30":{"start":{"line":62,"column":4},"end":{"line":62,"column":79}},"31":{"start":{"line":64,"column":2},"end":{"line":64,"column":19}}},"fnMap":{"0":{"name":"(anonymous_0)","decl":{"start":{"line":11,"column":16},"end":{"line":11,"column":17}},"loc":{"start":{"line":11,"column":36},"end":{"line":14,"column":1}},"line":11},"1":{"name":"(anonymous_1)","decl":{"start":{"line":16,"column":17},"end":{"line":16,"column":18}},"loc":{"start":{"line":16,"column":37},"end":{"line":56,"column":1}},"line":16},"2":{"name":"(anonymous_2)","decl":{"start":{"line":44,"column":34},"end":{"line":44,"column":35}},"loc":{"start":{"line":44,"column":46},"end":{"line":49,"column":5}},"line":44},"3":{"name":"(anonymous_3)","decl":{"start":{"line":58,"column":19},"end":{"line":58,"column":20}},"loc":{"start":{"line":58,"column":39},"end":{"line":65,"column":1}},"line":58}},"branchMap":{"0":{"loc":{"start":{"line":18,"column":2},"end":{"line":18,"column":67}},"type":"if","locations":[{"start":{"line":18,"column":2},"end":{"line":18,"column":67}},{"start":{},"end":{}}],"line":18},"1":{"loc":{"start":{"line":21,"column":2},"end":{"line":21,"column":66}},"type":"if","locations":[{"start":{"line":21,"column":2},"end":{"line":21,"column":66}},{"start":{},"end":{}}],"line":21},"2":{"loc":{"start":{"line":24,"column":2},"end":{"line":24,"column":60}},"type":"if","locations":[{"start":{"line":24,"column":2},"end":{"line":24,"column":60}},{"start":{},"end":{}}],"line":24},"3":{"loc":{"start":{"line":26,"column":2},"end":{"line":27,"column":55}},"type":"if","locations":[{"start":{"line":26,"column":2},"end":{"line":27,"column":55}},{"start":{},"end":{}}],"line":26},"4":{"loc":{"start":{"line":61,"column":2},"end":{"line":62,"column":79}},"type":"if","locations":[{"start":{"line":61,"column":2},"end":{"line":62,"column":79}},{"start":{},"end":{}}],"line":61}},"s":{"0":3,"1":3,"2":0,"3":0,"4":3,"5":0,"6":0,"7":0,"8":0,"9":0,"10":0,"11":0,"12":0,"13":0,"14":0,"15":0,"16":0,"17":0,"18":0,"19":0,"20":0,"21":0,"22":0,"23":0,"24":0,"25":0,"26":0,"27":3,"28":0,"29":0,"30":0,"31":0},"f":{"0":0,"1":0,"2":0,"3":0},"b":{"0":[0,0],"1":[0,0],"2":[0,0],"3":[0,0],"4":[0,0]},"_coverageSchema":"1a1c01bbd47fc00a2c39e90264f33305004495a9","hash":"841ba1cbdc33f5983629b616208bd72c63ff6d3d"}
,"C:\\Users\\WorkPC\\Desktop\\CodeWithMosh\\4.nodejs\\vidly\\routes\\returns.js": {"path":"C:\\Users\\WorkPC\\Desktop\\CodeWithMosh\\4.nodejs\\vidly\\routes\\returns.js","statementMap":{"0":{"start":{"line":7,"column":15},"end":{"line":7,"column":31}},"1":{"start":{"line":9,"column":0},"end":{"line":26,"column":3}},"2":{"start":{"line":10,"column":2},"end":{"line":11,"column":60}},"3":{"start":{"line":11,"column":4},"end":{"line":11,"column":60}},"4":{"start":{"line":13,"column":2},"end":{"line":13,"column":78}},"5":{"start":{"line":13,"column":25},"end":{"line":13,"column":78}},"6":{"start":{"line":15,"column":17},"end":{"line":18,"column":4}},"7":{"start":{"line":20,"column":2},"end":{"line":20,"column":62}},"8":{"start":{"line":20,"column":15},"end":{"line":20,"column":62}},"9":{"start":{"line":22,"column":2},"end":{"line":23,"column":63}},"10":{"start":{"line":23,"column":4},"end":{"line":23,"column":63}},"11":{"start":{"line":25,"column":2},"end":{"line":25,"column":18}}},"fnMap":{"0":{"name":"(anonymous_0)","decl":{"start":{"line":9,"column":23},"end":{"line":9,"column":24}},"loc":{"start":{"line":9,"column":43},"end":{"line":26,"column":1}},"line":9}},"branchMap":{"0":{"loc":{"start":{"line":10,"column":2},"end":{"line":11,"column":60}},"type":"if","locations":[{"start":{"line":10,"column":2},"end":{"line":11,"column":60}},{"start":{},"end":{}}],"line":10},"1":{"loc":{"start":{"line":13,"column":2},"end":{"line":13,"column":78}},"type":"if","locations":[{"start":{"line":13,"column":2},"end":{"line":13,"column":78}},{"start":{},"end":{}}],"line":13},"2":{"loc":{"start":{"line":20,"column":2},"end":{"line":20,"column":62}},"type":"if","locations":[{"start":{"line":20,"column":2},"end":{"line":20,"column":62}},{"start":{},"end":{}}],"line":20},"3":{"loc":{"start":{"line":22,"column":2},"end":{"line":23,"column":63}},"type":"if","locations":[{"start":{"line":22,"column":2},"end":{"line":23,"column":63}},{"start":{},"end":{}}],"line":22}},"s":{"0":3,"1":3,"2":5,"3":1,"4":4,"5":1,"6":3,"7":3,"8":1,"9":2,"10":1,"11":1},"f":{"0":5},"b":{"0":[1,4],"1":[1,3],"2":[1,2],"3":[1,1]},"_coverageSchema":"1a1c01bbd47fc00a2c39e90264f33305004495a9","hash":"666f98258be64910c925f7c3f77930cec99f71a8"}
,"C:\\Users\\WorkPC\\Desktop\\CodeWithMosh\\4.nodejs\\vidly\\routes\\users.js": {"path":"C:\\Users\\WorkPC\\Desktop\\CodeWithMosh\\4.nodejs\\vidly\\routes\\users.js","statementMap":{"0":{"start":{"line":6,"column":15},"end":{"line":6,"column":31}},"1":{"start":{"line":8,"column":0},"end":{"line":11,"column":3}},"2":{"start":{"line":9,"column":15},"end":{"line":9,"column":68}},"3":{"start":{"line":10,"column":2},"end":{"line":10,"column":17}},"4":{"start":{"line":13,"column":0},"end":{"line":29,"column":3}},"5":{"start":{"line":14,"column":20},"end":{"line":14,"column":38}},"6":{"start":{"line":15,"column":2},"end":{"line":15,"column":67}},"7":{"start":{"line":15,"column":13},"end":{"line":15,"column":67}},"8":{"start":{"line":17,"column":13},"end":{"line":17,"column":58}},"9":{"start":{"line":18,"column":2},"end":{"line":18,"column":68}},"10":{"start":{"line":18,"column":12},"end":{"line":18,"column":68}},"11":{"start":{"line":20,"column":2},"end":{"line":20,"column":67}},"12":{"start":{"line":21,"column":15},"end":{"line":21,"column":39}},"13":{"start":{"line":22,"column":2},"end":{"line":22,"column":57}},"14":{"start":{"line":23,"column":2},"end":{"line":23,"column":20}},"15":{"start":{"line":25,"column":16},"end":{"line":25,"column":40}},"16":{"start":{"line":26,"column":2},"end":{"line":28,"column":50}}},"fnMap":{"0":{"name":"(anonymous_0)","decl":{"start":{"line":8,"column":24},"end":{"line":8,"column":25}},"loc":{"start":{"line":8,"column":44},"end":{"line":11,"column":1}},"line":8},"1":{"name":"(anonymous_1)","decl":{"start":{"line":13,"column":17},"end":{"line":13,"column":18}},"loc":{"start":{"line":13,"column":37},"end":{"line":29,"column":1}},"line":13}},"branchMap":{"0":{"loc":{"start":{"line":15,"column":2},"end":{"line":15,"column":67}},"type":"if","locations":[{"start":{"line":15,"column":2},"end":{"line":15,"column":67}},{"start":{},"end":{}}],"line":15},"1":{"loc":{"start":{"line":18,"column":2},"end":{"line":18,"column":68}},"type":"if","locations":[{"start":{"line":18,"column":2},"end":{"line":18,"column":68}},{"start":{},"end":{}}],"line":18}},"s":{"0":3,"1":3,"2":0,"3":0,"4":3,"5":0,"6":0,"7":0,"8":0,"9":0,"10":0,"11":0,"12":0,"13":0,"14":0,"15":0,"16":0},"f":{"0":0,"1":0},"b":{"0":[0,0],"1":[0,0]},"_coverageSchema":"1a1c01bbd47fc00a2c39e90264f33305004495a9","hash":"2f29f3001463492c6aec36c50b5468c898b46f44"}
,"C:\\Users\\WorkPC\\Desktop\\CodeWithMosh\\4.nodejs\\vidly\\startup\\config.js": {"path":"C:\\Users\\WorkPC\\Desktop\\CodeWithMosh\\4.nodejs\\vidly\\startup\\config.js","statementMap":{"0":{"start":{"line":4,"column":2},"end":{"line":6,"column":3}},"1":{"start":{"line":5,"column":4},"end":{"line":5,"column":66}}},"fnMap":{"0":{"name":"(anonymous_0)","decl":{"start":{"line":3,"column":15},"end":{"line":3,"column":16}},"loc":{"start":{"line":3,"column":27},"end":{"line":7,"column":1}},"line":3}},"branchMap":{"0":{"loc":{"start":{"line":4,"column":2},"end":{"line":6,"column":3}},"type":"if","locations":[{"start":{"line":4,"column":2},"end":{"line":6,"column":3}},{"start":{},"end":{}}],"line":4}},"s":{"0":3,"1":0},"f":{"0":3},"b":{"0":[0,3]},"_coverageSchema":"1a1c01bbd47fc00a2c39e90264f33305004495a9","hash":"b72d72d0ddf7f1bfee7f8f2805d645823dc7f5e3"}
,"C:\\Users\\WorkPC\\Desktop\\CodeWithMosh\\4.nodejs\\vidly\\startup\\db.js": {"path":"C:\\Users\\WorkPC\\Desktop\\CodeWithMosh\\4.nodejs\\vidly\\startup\\db.js","statementMap":{"0":{"start":{"line":6,"column":13},"end":{"line":6,"column":29}},"1":{"start":{"line":7,"column":2},"end":{"line":7,"column":72}},"2":{"start":{"line":7,"column":34},"end":{"line":7,"column":70}}},"fnMap":{"0":{"name":"(anonymous_0)","decl":{"start":{"line":5,"column":15},"end":{"line":5,"column":16}},"loc":{"start":{"line":5,"column":27},"end":{"line":8,"column":1}},"line":5},"1":{"name":"(anonymous_1)","decl":{"start":{"line":7,"column":28},"end":{"line":7,"column":29}},"loc":{"start":{"line":7,"column":34},"end":{"line":7,"column":70}},"line":7}},"branchMap":{},"s":{"0":3,"1":3,"2":3},"f":{"0":3,"1":3},"b":{},"_coverageSchema":"1a1c01bbd47fc00a2c39e90264f33305004495a9","hash":"2b6b8bd56659f3143ec030e69341f465b22d4be6"}
,"C:\\Users\\WorkPC\\Desktop\\CodeWithMosh\\4.nodejs\\vidly\\startup\\routes.js": {"path":"C:\\Users\\WorkPC\\Desktop\\CodeWithMosh\\4.nodejs\\vidly\\startup\\routes.js","statementMap":{"0":{"start":{"line":14,"column":2},"end":{"line":14,"column":26}},"1":{"start":{"line":15,"column":2},"end":{"line":15,"column":33}},"2":{"start":{"line":16,"column":2},"end":{"line":16,"column":39}},"3":{"start":{"line":17,"column":2},"end":{"line":17,"column":33}},"4":{"start":{"line":18,"column":2},"end":{"line":18,"column":35}},"5":{"start":{"line":19,"column":2},"end":{"line":19,"column":31}},"6":{"start":{"line":20,"column":2},"end":{"line":20,"column":29}},"7":{"start":{"line":21,"column":2},"end":{"line":21,"column":35}},"8":{"start":{"line":23,"column":2},"end":{"line":23,"column":17}}},"fnMap":{"0":{"name":"(anonymous_0)","decl":{"start":{"line":13,"column":15},"end":{"line":13,"column":16}},"loc":{"start":{"line":13,"column":30},"end":{"line":24,"column":1}},"line":13}},"branchMap":{},"s":{"0":3,"1":3,"2":3,"3":3,"4":3,"5":3,"6":3,"7":3,"8":3},"f":{"0":3},"b":{},"_coverageSchema":"1a1c01bbd47fc00a2c39e90264f33305004495a9","hash":"81e6037aafe4667c1af7e574b52e8770d75cc46a"}
,"C:\\Users\\WorkPC\\Desktop\\CodeWithMosh\\4.nodejs\\vidly\\startup\\validation.js": {"path":"C:\\Users\\WorkPC\\Desktop\\CodeWithMosh\\4.nodejs\\vidly\\startup\\validation.js","statementMap":{"0":{"start":{"line":5,"column":2},"end":{"line":5,"column":34}}},"fnMap":{"0":{"name":"(anonymous_0)","decl":{"start":{"line":4,"column":15},"end":{"line":4,"column":16}},"loc":{"start":{"line":4,"column":27},"end":{"line":6,"column":1}},"line":4}},"branchMap":{},"s":{"0":3},"f":{"0":3},"b":{},"_coverageSchema":"1a1c01bbd47fc00a2c39e90264f33305004495a9","hash":"36e6b1f0e2dac2ed507fe25fe7baf85faef935cd"}
}
